This is XeTeX, Version 3.14159265-2.6-0.99996 (TeX Live 2016/Debian) (preloaded format=xelatex 2019.3.5)  5 MAR 2019 19:34
entering extended mode
 restricted \write18 enabled.
 %&-line parsing enabled.
**main.tex
(./main.tex
LaTeX2e <2017/01/01> patch level 3
Babel <3.9r> and hyphenation patterns for 3 language(s) loaded.
(./IEEEtran.cls
Document Class: IEEEtran 2007/03/05 V1.7a by Michael Shell
-- See the "IEEEtran_HOWTO" manual for usage information.
-- http://www.michaelshell.org/tex/ieeetran/
\@IEEEtrantmpdimenA=\dimen102
\@IEEEtrantmpdimenB=\dimen103
\@IEEEtrantmpcountA=\count79
\@IEEEtrantmpcountB=\count80
\@IEEEtrantmptoksA=\toks14
LaTeX Font Info:    Try loading font information for TU+ptm on input line 373.
LaTeX Font Info:    No file TUptm.fd. on input line 373.

LaTeX Font Warning: Font shape `TU/ptm/m/n' undefined
(Font)              using `TU/lmr/m/n' instead on input line 373.

\teaserspace=\skip41
-- Using 8.5in x 11in (letter) paper.
-- Using DVI output.
\@IEEEnormalsizeunitybaselineskip=\dimen104
-- This is a 10 point document.
\CLASSINFOnormalsizebaselineskip=\dimen105
\CLASSINFOnormalsizeunitybaselineskip=\dimen106
\IEEEnormaljot=\dimen107

LaTeX Font Warning: Font shape `TU/ptm/bx/n' undefined
(Font)              using `TU/ptm/m/n' instead on input line 739.


LaTeX Font Warning: Font shape `TU/ptm/m/it' undefined
(Font)              using `TU/ptm/m/n' instead on input line 739.


LaTeX Font Warning: Font shape `TU/ptm/bx/it' undefined
(Font)              using `TU/ptm/bx/n' instead on input line 739.

\IEEEilabelindentA=\dimen108
\IEEEilabelindentB=\dimen109
\IEEEilabelindent=\dimen110
\IEEEelabelindent=\dimen111
\IEEEdlabelindent=\dimen112
\IEEElabelindent=\dimen113
\IEEEiednormlabelsep=\dimen114
\IEEEiedmathlabelsep=\dimen115
\IEEEiedtopsep=\skip42
\c@section=\count81
\c@subsection=\count82
\c@subsubsection=\count83
\c@paragraph=\count84
\c@IEEEsubequation=\count85
\abovecaptionskip=\skip43
\belowcaptionskip=\skip44
\c@figure=\count86
\c@table=\count87
\@IEEEeqnnumcols=\count88
\@IEEEeqncolcnt=\count89
\@IEEEtmpitemindent=\dimen116
\c@IEEEbiography=\count90
\@IEEEtranrubishbin=\box26
) (/usr/share/texlive/texmf-dist/tex/latex/booktabs/booktabs.sty
Package: booktabs 2016/04/27 v1.618033 publication quality tables
\heavyrulewidth=\dimen117
\lightrulewidth=\dimen118
\cmidrulewidth=\dimen119
\belowrulesep=\dimen120
\belowbottomsep=\dimen121
\aboverulesep=\dimen122
\abovetopsep=\dimen123
\cmidrulesep=\dimen124
\cmidrulekern=\dimen125
\defaultaddspace=\dimen126
\@cmidla=\count91
\@cmidlb=\count92
\@aboverulesep=\dimen127
\@belowrulesep=\dimen128
\@thisruleclass=\count93
\@lastruleclass=\count94
\@thisrulewidth=\dimen129
)
(/usr/share/texlive/texmf-dist/tex/latex/graphics/color.sty
Package: color 2016/07/10 v1.1e Standard LaTeX Color (DPC)

(/usr/share/texlive/texmf-dist/tex/latex/graphics-cfg/color.cfg
File: color.cfg 2016/01/02 v1.6 sample color configuration
)
Package color Info: Driver file: xetex.def on input line 147.

(/usr/share/texlive/texmf-dist/tex/latex/graphics-def/xetex.def
File: xetex.def 2016/07/11 v4.10 LaTeX color/graphics driver for XeTeX (L3/RRM/
JK)
)) (./main.aux)
\openout1 = `main.aux'.

LaTeX Font Info:    Checking defaults for OML/cmm/m/it on input line 362.
LaTeX Font Info:    ... okay on input line 362.
LaTeX Font Info:    Checking defaults for T1/cmr/m/n on input line 362.
LaTeX Font Info:    ... okay on input line 362.
LaTeX Font Info:    Checking defaults for OT1/cmr/m/n on input line 362.
LaTeX Font Info:    ... okay on input line 362.
LaTeX Font Info:    Checking defaults for OMS/cmsy/m/n on input line 362.
LaTeX Font Info:    ... okay on input line 362.
LaTeX Font Info:    Checking defaults for TU/lmr/m/n on input line 362.
LaTeX Font Info:    ... okay on input line 362.
LaTeX Font Info:    Checking defaults for OMX/cmex/m/n on input line 362.
LaTeX Font Info:    ... okay on input line 362.
LaTeX Font Info:    Checking defaults for U/cmr/m/n on input line 362.
LaTeX Font Info:    ... okay on input line 362.

Overfull \hbox (36.85184pt too wide) in paragraph at lines 426--426
 [] 
 []


Overfull \hbox (36.85184pt too wide) in paragraph at lines 426--426
 [] 
 []


LaTeX Font Warning: Font shape `TU/ptm/m/sc' undefined
(Font)              using `TU/ptm/m/n' instead on input line 438.


LaTeX Warning: Citation `martins' on page 1 undefined on input line 444.


LaTeX Warning: Citation `martinsthesis' on page 1 undefined on input line 444.


LaTeX Warning: Citation `martins' on page 1 undefined on input line 448.

[1
! I can't write on file `main.pdf'.
(Press Enter to retry, or Control-D to exit; default file extension is `.pdf')
Please type another file name for output
! Emergency stop.
<to be read again> 
                   \endgroup \set@typeset@protect 
l.451 
      
*** (job aborted, file error in nonstop mode)

 
Here is how much of TeX's memory you used:
 1151 strings out of 495038
 19321 string characters out of 6179118
 80431 words of memory out of 5000000
 4998 multiletter control sequences out of 15000+600000
 3720 words of font info for 24 fonts, out of 8000000 for 9000
 17 hyphenation exceptions out of 8191
 24i,9n,19p,1298b,305s stack positions out of 5000i,500n,10000p,200000b,80000s
No pages of output.
